#
# There is insufficient memory for the Java Runtime Environment to continue.
# Native memory allocation (malloc) failed to allocate 2097152 bytes for AllocateHeap
# Possible reasons:
#   The system is out of physical RAM or swap space
#   The process is running with CompressedOops enabled, and the Java Heap may be blocking the growth of the native heap
# Possible solutions:
#   Reduce memory load on the system
#   Increase physical memory or swap space
#   Check if swap backing store is full
#   Decrease Java heap size (-Xmx/-Xms)
#   Decrease number of Java threads
#   Decrease Java thread stack sizes (-Xss)
#   Set larger code cache with -XX:ReservedCodeCacheSize=
#   JVM is running with Unscaled Compressed Oops mode in which the Java heap is
#     placed in the first 4GB address space. The Java Heap base address is the
#     maximum limit for the native heap growth. Please use -XX:HeapBaseMinAddress
#     to set the Java Heap base and to place the Java Heap above 4GB virtual address.
# This output file may be truncated or incomplete.
#
#  Out of Memory Error (allocation.cpp:44), pid=30516, tid=1660
#
# JRE version: OpenJDK Runtime Environment Temurin-17.0.8.1+1 (17.0.8.1+1) (build 17.0.8.1+1)
# Java VM: OpenJDK 64-Bit Server VM Temurin-17.0.8.1+1 (17.0.8.1+1, mixed mode, emulated-client, sharing, tiered, compressed oops, compressed class ptrs, g1 gc, windows-amd64)
# No core dump will be written. Minidumps are not enabled by default on client versions of Windows
#

---------------  S U M M A R Y ------------

Command Line: -XX:+HeapDumpOnOutOfMemoryError -Xmx1024m -Dsts.lsp.client=vscode -Dsts.log.file=/dev/null -XX:TieredStopAtLevel=1 -Xlog:jni+resolve=off -Dspring.config.location=file:c:\Users\gr.costache\.vscode\extensions\vmware.vscode-spring-boot-1.48.0\language-server\BOOT-INF\classes\application.properties org.springframework.ide.vscode.boot.app.BootLanguageServerBootApp

Host: Intel(R) Xeon(R) Gold 6248R CPU @ 3.00GHz, 4 cores, 23G,  Windows 10 , 64 bit Build 19041 (10.0.19041.2546)
Time: Wed Sep  6 14:59:54 2023 Paris, Madrid (heure duild 19041 (10.0.19041.2546) elapsed time: 1851.496929 seconds (0d 0h 30m 51s)

---------------  T H R E A D  ---------------

Current thread (0x000002b2d39d62e0):  VMThread "VM Thread" [stack: 0x000000e77c400000,0x000000e77c500000] [id=1660]

Stack: [0x000000e77c400000,0x000000e77c500000]
Native frames: (J=compiled Java code, j=interpreted, Vv=VM code, C=native code)
V  [jvm.dll+0x678b0a]
V  [jvm.dll+0x835e84]
V  [jvm.dll+0x83762e]
V  [jvm.dll+0x837c93]
V  [jvm.dll+0x24746f]
V  [jvm.dll+0xa697b]
V  [jvm.dll+0x2f7f41]
V  [jvm.dll+0x2f3b80]
V  [jvm.dll+0x2dc1c7]
V  [jvm.dll+0x31f227]
V  [jvm.dll+0x83c15b]
V  [jvm.dll+0x83ce94]
V  [jvm.dll+0x83d3ac]
V  [jvm.dll+0x83d784]
V  [jvm.dll+0x83d850]
V  [jvm.dll+0x7e64ca]
V  [jvm.dll+0x677955]
C  [ucrtbase.dll+0x21bb2]
C  [KERNEL32.DLL+0x17614]
C  [ntdll.dll+0x526a1]

VM_Operation (0x000000e77d7fed50): G1CollectFull, mode: safepoint, requested by thread 0x000002b2d91422c0


---------------  P R O C E S S  ---------------

Threads class SMR info:
_java_thread_list=0x000002b2dac8d690, length=24, elements={
0x000002b2d39dd0e0, 0x000002b2d39ddca0, 0x000002b2d39f6770, 0x000002b2d39f7130,
0x000002b2d39f7af0, 0x000002b2d39fa4c0, 0x000002b2d39fae80, 0x000002b2d39fb880,
0x000002b2d3befb00, 0x000002b2d3bf1290, 0x000002b2d8c06030, 0x000002b2d9141de0,
0x000002b2d91422c0, 0x000002b2d9163d40, 0x000002b2c2617c00, 0x000002b2d8efb6e0,
0x000002b2d850fbd0, 0x000002b2d8518ea0, 0x000002b2d8519dd0, 0x000002b2d85198c0,
0x000002b2d8516620, 0x000002b2d8517f70, 0x000002b2d85193b0, 0x000002b2da2088e0
}

Java Threads: ( => current thread )
  0x000002b2d39dd0e0 JavaThread "Reference Handler" daemon [_thread_blocked, id=29716, stack(0x000000e77c500000,0x000000e77c600000)]
  0x000002b2d39ddca0 JavaThread "Finalizer" daemon [_thread_blocked, id=17844, stack(0x000000e77c600000,0x000000e77c700000)]
  0x000002b2d39f6770 JavaThread "Signal Dispatcher" daemon [_thread_blocked, id=28760, stack(0x000000e77c700000,0x000000e77c800000)]
  0x000002b2d39f7130 JavaThread "Attach Listener" daemon [_thread_blocked, id=27892, stack(0x000000e77c800000,0x000000e77c900000)]
  0x000002b2d39f7af0 JavaThread "Service Thread" daemon [_thread_blocked, id=23176, stack(0x000000e77c900000,0x000000e77ca00000)]
  0x000002b2d39fa4c0 JavaThread "Monitor Deflation Thread" daemon [_thread_blocked, id=15224, stack(0x000000e77ca00000,0x000000e77cb00000)]
  0x000002b2d39fae80 JavaThread "C1 CompilerThread0" daemon [_thread_blocked, id=32256, stack(0x000000e77cb00000,0x000000e77cc00000)]
  0x000002b2d39fb880 JavaThread "Sweeper thread" daemon [_thread_blocked, id=10280, stack(0x000000e77cc00000,0x000000e77cd00000)]
  0x000002b2d3befb00 JavaThread "Notification Thread" daemon [_thread_blocked, id=3348, stack(0x000000e77cf00000,0x000000e77d000000)]
  0x000002b2d3bf1290 JavaThread "Common-Cleaner" daemon [_thread_blocked, id=29824, stack(0x000000e77d100000,0x000000e77d200000)]
  0x000002b2d8c06030 JavaThread "boundedElastic-evictor-1" daemon [_thread_blocked, id=13716, stack(0x000000e77d500000,0x000000e77d600000)]
  0x000002b2d9141de0 JavaThread "boundedElastic-evictor-2" daemon [_thread_blocked, id=29548, stack(0x000000e77d600000,0x000000e77d700000)]
  0x000002b2d91422c0 JavaThread "pool-11-thread-1" [_thread_blocked, id=25464, stack(0x000000e77d700000,0x000000e77d800000)]
  0x000002b2d9163d40 JavaThread "LanguageServerApp-lifecycle" [_thread_blocked, id=16368, stack(0x000000e77d800000,0x000000e77d900000)]
  0x000002b2c2617c00 JavaThread "DestroyJavaVM" [_thread_blocked, id=26528, stack(0x000000e77bd00000,0x000000e77be00000)]
  0x000002b2d8efb6e0 JavaThread "pool-12-thread-1" [_thread_in_native, id=25680, stack(0x000000e77d900000,0x000000e77da00000)]
  0x000002b2d850fbd0 JavaThread "Simple-Language-Server main thread" daemon [_thread_blocked, id=27436, stack(0x000000e77da00000,0x000000e77db00000)]
  0x000002b2d8518ea0 JavaThread "pool-7-thread-1" [_thread_blocked, id=27812, stack(0x000000e77dc00000,0x000000e77dd00000)]
  0x000002b2d8519dd0 JavaThread "parallel-1" daemon [_thread_blocked, id=31972, stack(0x000000e77e100000,0x000000e77e200000)]
  0x000002b2d85198c0 JavaThread "Reconciler-1" daemon [_thread_blocked, id=27292, stack(0x000000e77e200000,0x000000e77e300000)]
  0x000002b2d8516620 JavaThread "parallel-2" daemon [_thread_blocked, id=14988, stack(0x000000e77cd00000,0x000000e77ce00000)]
  0x000002b2d8517f70 JavaThread "pool-5-thread-1" [_thread_blocked, id=11028, stack(0x000000e77ce00000,0x000000e77cf00000)]
  0x000002b2d85193b0 JavaThread "parallel-3" daemon [_thread_blocked, id=19108, stack(0x000000e77e500000,0x000000e77e600000)]
  0x000002b2da2088e0 JavaThread "parallel-4" daemon [_thread_blocked, id=28604, stack(0x000000e77e600000,0x000000e77e700000)]

Other Threads:
=>0x000002b2d39d62e0 VMThread "VM Thread" [stack: 0x000000e77c400000,0x000000e77c500000] [id=1660]
  0x000002b2d3bf07f0 WatcherThread [stack: 0x000000e77d000000,0x000000e77d100000] [id=22116]
  0x000002b2c26521a0 GCTaskThread "GC Thread#0" [stack: 0x000000e77bf00000,0x000000e77c000000] [id=16552]
  0x000002b2d873ea10 GCTaskThread "GC Thread#1" [stack: 0x000000e77d200000,0x000000e77d300000] [id=9396]
  0x000002b2d85dc940 GCTaskThread "GC Thread#2" [stack: 0x000000e77d300000,0x000000e77d400000] [id=14976]
  0x000002b2d85dcc00 GCTaskThread "GC Thread#3" [stack: 0x000000e77d400000,0x000000e77d500000] [id=22548]
  0x000002b2c265b0f0 ConcurrentGCThread "G1 Main Marker" [stack: 0x000000e77c000000,0x000000e77c100000] [id=32028]
  0x000002b2c265cb10 ConcurrentGCThread "G1 Conc#0" [stack: 0x000000e77c100000,0x000000e77c200000] [id=11980]
  0x000002b2c26bdb10 ConcurrentGCThread "G1 Refine#0" [stack: 0x000000e77c200000,0x000000e77c300000] [id=28432]
  0x000002b2d9f79160 ConcurrentGCThread "G1 Refine#1" [stack: 0x000000e77e900000,0x000000e77ea00000] [id=27400]
  0x000002b2d9f79ea0 ConcurrentGCThread "G1 Refine#2" [stack: 0x000000e77ea00000,0x000000e77eb00000] [id=31804]
  0x000002b2da127a40 ConcurrentGCThread "G1 Refine#3" [stack: 0x000000e77eb00000,0x000000e77ec00000] [id=22636]
  0x000002b2c26be540 ConcurrentGCThread "G1 Service" [stack: 0x000000e77c300000,0x000000e77c400000] [id=18848]

Threads with active compile tasks:

VM state: at safepoint (normal execution)

VM Mutex/Monitor currently owned by a thread:  ([mutex/lock_event])
[0x000002b2c24a3100] Threads_lock - owner thread: 0x000002b2d39d62e0
[0x000002b2c2612160] Heap_lock - owner thread: 0x000002b2d91422c0

Heap address: 0x00000000c0000000, size: 1024 MB, Compressed Oops mode: 32-bit

CDS archive(s) mapped at: [0x000002b280000000-0x000002b280bd0000-0x000002b280bd0000), size 12386304, SharedBaseAddress: 0x000002b280000000, ArchiveRelocationMode: 1.
Compressed class space mapped at: 0x000002b281000000-0x000002b2c1000000, reserved size: 1073741824
Narrow klass base: 0x000002b280000000, Narrow klass shift: 0, Narrow klass range: 0x100000000

GC Precious Log:
 CPUs: 4 total, 4 available
 Memory: 24575M
 Large Page Support: Disabled
 NUMA Support: Disabled
 Compressed Oops: Enabled (32-bit)
 Heap Region Size: 1M
 Heap Min Capacity: 8M
 Heap Initial Capacity: 384M
 Heap Max Capacity: 1G
 Pre-touch: Disabled
 Parallel Workers: 4
 Concurrent Workers: 1
 Concurrent Refinement Workers: 4
 Periodic GC: Disabled

Heap:
 garbage-first heap   total 211968K, used 62840K [0x00000000c0000000, 0x0000000100000000)
  region size 1024K, 1 young (1024K), 0 survivors (0K)
 Metaspace       used 69264K, committed 70208K, reserved 1114112K
  class space    used 9553K, committed 9920K, reserved 1048576K

Heap Regions: E=young(eden), S=young(survivor), O=old, HS=humongous(starts), HC=humongous(continues), CS=collection set, F=free, OA=open archive, CA=closed archive, TAMS=top-at-mark-start (previous, next)
|   0|0x00000000c0000000, 0x00000000c0100000, 0x00000000c0100000|100%| O|  |TAMS 0x00000000c0100000, 0x00000000c0000000| Untracked 
|   1|0x00000000c0100000, 0x00000000c01ffff8, 0x00000000c0200000| 99%| O|  |TAMS 0x00000000c01ffff8, 0x00000000c0100000| Untracked 
|   2|0x00000000c0200000, 0x00000000c0300000, 0x00000000c0300000|100%| O|  |TAMS 0x00000000c0300000, 0x00000000c0200000| Untracked 
|   3|0x00000000c0300000, 0x00000000c03fffa8, 0x00000000c0400000| 99%| O|  |TAMS 0x00000000c03fffa8, 0x00000000c0300000| Untracked 
|   4|0x00000000c0400000, 0x00000000c0500000, 0x00000000c0500000|100%| O|  |TAMS 0x00000000c0500000, 0x00000000c0400000| Untracked 
|   5|0x00000000c0500000, 0x00000000c05fffe8, 0x00000000c0600000| 99%| O|  |TAMS 0x00000000c05fffe8, 0x00000000c0500000| Untracked 
|   6|0x00000000c0600000, 0x00000000c0700000, 0x00000000c0700000|100%| O|  |TAMS 0x00000000c0700000, 0x00000000c0600000| Untracked 
|   7|0x00000000c0700000, 0x00000000c0800000, 0x00000000c0800000|100%| O|  |TAMS 0x00000000c0800000, 0x00000000c0700000| Untracked 
|   8|0x00000000c0800000, 0x00000000c08ffff0, 0x00000000c0900000| 99%| O|  |TAMS 0x00000000c08ffff0, 0x00000000c0800000| Untracked 
|   9|0x00000000c0900000, 0x00000000c09fffe0, 0x00000000c0a00000| 99%| O|  |TAMS 0x00000000c09fffe0, 0x00000000c0900000| Untracked 
|  10|0x00000000c0a00000, 0x00000000c0affff0, 0x00000000c0b00000| 99%| O|  |TAMS 0x00000000c0affff0, 0x00000000c0a00000| Untracked 
|  11|0x00000000c0b00000, 0x00000000c0bfffc0, 0x00000000c0c00000| 99%| O|  |TAMS 0x00000000c0bfffc0, 0x00000000c0b00000| Untracked 
|  12|0x00000000c0c00000, 0x00000000c0cffff8, 0x00000000c0d00000| 99%| O|  |TAMS 0x00000000c0cffff8, 0x00000000c0c00000| Untracked 
|  13|0x00000000c0d00000, 0x00000000c0dffff0, 0x00000000c0e00000| 99%| O|  |TAMS 0x00000000c0dffff0, 0x00000000c0d00000| Untracked 
|  14|0x00000000c0e00000, 0x00000000c0f00000, 0x00000000c0f00000|100%| O|  |TAMS 0x00000000c0f00000, 0x00000000c0e00000| Untracked 
|  15|0x00000000c0f00000, 0x00000000c0ffffd8, 0x00000000c1000000| 99%| O|  |TAMS 0x00000000c0ffffd8, 0x00000000c0f00000| Untracked 
|  16|0x00000000c1000000, 0x00000000c10ffff0, 0x00000000c1100000| 99%| O|  |TAMS 0x00000000c10ffff0, 0x00000000c1000000| Untracked 
|  17|0x00000000c1100000, 0x00000000c1200000, 0x00000000c1200000|100%| O|  |TAMS 0x00000000c1200000, 0x00000000c1100000| Untracked 
|  18|0x00000000c1200000, 0x00000000c12fffe0, 0x00000000c1300000| 99%| O|  |TAMS 0x00000000c12fffe0, 0x00000000c1200000| Untracked 
|  19|0x00000000c1300000, 0x00000000c1400000, 0x00000000c1400000|100%| O|  |TAMS 0x00000000c1400000, 0x00000000c1300000| Untracked 
|  20|0x00000000c1400000, 0x00000000c14ffff0, 0x00000000c1500000| 99%| O|  |TAMS 0x00000000c14ffff0, 0x00000000c1400000| Untracked 
|  21|0x00000000c1500000, 0x00000000c15fffe0, 0x00000000c1600000| 99%| O|  |TAMS 0x00000000c15fffe0, 0x00000000c1500000| Untracked 
|  22|0x00000000c1600000, 0x00000000c16ffff0, 0x00000000c1700000| 99%| O|  |TAMS 0x00000000c16ffff0, 0x00000000c1600000| Untracked 
|  23|0x00000000c1700000, 0x00000000c17fffc8, 0x00000000c1800000| 99%| O|  |TAMS 0x00000000c17fffc8, 0x00000000c1700000| Untracked 
|  24|0x00000000c1800000, 0x00000000c18ffff0, 0x00000000c1900000| 99%| O|  |TAMS 0x00000000c18ffff0, 0x00000000c1800000| Untracked 
|  25|0x00000000c1900000, 0x00000000c19ffff0, 0x00000000c1a00000| 99%| O|  |TAMS 0x00000000c19ffff0, 0x00000000c1900000| Untracked 
|  26|0x00000000c1a00000, 0x00000000c1b00000, 0x00000000c1b00000|100%| O|  |TAMS 0x00000000c1b00000, 0x00000000c1a00000| Untracked 
|  27|0x00000000c1b00000, 0x00000000c1bffff8, 0x00000000c1c00000| 99%| O|  |TAMS 0x00000000c1bffff8, 0x00000000c1b00000| Untracked 
|  28|0x00000000c1c00000, 0x00000000c1cfffe8, 0x00000000c1d00000| 99%| O|  |TAMS 0x00000000c1cfffe8, 0x00000000c1c00000| Untracked 
|  29|0x00000000c1d00000, 0x00000000c1dffff0, 0x00000000c1e00000| 99%| O|  |TAMS 0x00000000c1dffff0, 0x00000000c1d00000| Untracked 
|  30|0x00000000c1e00000, 0x00000000c1efffe0, 0x00000000c1f00000| 99%| O|  |TAMS 0x00000000c1efffe0, 0x00000000c1e00000| Untracked 
|  31|0x00000000c1f00000, 0x00000000c1ffffe8, 0x00000000c2000000| 99%| O|  |TAMS 0x00000000c1ffffe8, 0x00000000c1f00000| Untracked 
|  32|0x00000000c2000000, 0x00000000c20fffd8, 0x00000000c2100000| 99%| O|  |TAMS 0x00000000c20fffd8, 0x00000000c2000000| Untracked 
|  33|0x00000000c2100000, 0x00000000c21fffd8, 0x00000000c2200000| 99%| O|  |TAMS 0x00000000c21fffd8, 0x00000000c2100000| Untracked 
|  34|0x00000000c2200000, 0x00000000c22fffe0, 0x00000000c2300000| 99%| O|  |TAMS 0x00000000c22fffe0, 0x00000000c2200000| Untracked 
|  35|0x00000000c2300000, 0x00000000c2400000, 0x00000000c2400000|100%| O|  |TAMS 0x00000000c2400000, 0x00000000c2300000| Untracked 
|  36|0x00000000c2400000, 0x00000000c24fffe0, 0x00000000c2500000| 99%| O|  |TAMS 0x00000000c24fffe0, 0x00000000c2400000| Untracked 
|  37|0x00000000c2500000, 0x00000000c25ffff8, 0x00000000c2600000| 99%| O|  |TAMS 0x00000000c25ffff8, 0x00000000c2500000| Untracked 
|  38|0x00000000c2600000, 0x00000000c26fcdc8, 0x00000000c2700000| 98%| O|  |TAMS 0x00000000c26fcdc8, 0x00000000c2600000| Untracked 
|  39|0x00000000c2700000, 0x00000000c27fffe0, 0x00000000c2800000| 99%| O|  |TAMS 0x00000000c27fffe0, 0x00000000c2700000| Untracked 
|  40|0x00000000c2800000, 0x00000000c28fffd0, 0x00000000c2900000| 99%| O|  |TAMS 0x00000000c28fffd0, 0x00000000c2800000| Untracked 
|  41|0x00000000c2900000, 0x00000000c29fffc8, 0x00000000c2a00000| 99%| O|  |TAMS 0x00000000c29fffc8, 0x00000000c2900000| Untracked 
|  42|0x00000000c2a00000, 0x00000000c2afffe8, 0x00000000c2b00000| 99%| O|  |TAMS 0x00000000c2afffe8, 0x00000000c2a00000| Untracked 
|  43|0x00000000c2b00000, 0x00000000c2bfffc8, 0x00000000c2c00000| 99%| O|  |TAMS 0x00000000c2bfffc8, 0x00000000c2b00000| Untracked 
|  44|0x00000000c2c00000, 0x00000000c2cffff0, 0x00000000c2d00000| 99%| O|  |TAMS 0x00000000c2cffff0, 0x00000000c2c00000| Untracked 
|  45|0x00000000c2d00000, 0x00000000c2de5320, 0x00000000c2e00000| 89%| O|  |TAMS 0x00000000c2d00000, 0x00000000c2d00000| Untracked 
|  46|0x00000000c2e00000, 0x00000000c2f00000, 0x00000000c2f00000|100%| O|  |TAMS 0x00000000c2f00000, 0x00000000c2e00000| Untracked 
|  47|0x00000000c2f00000, 0x00000000c2ffffd8, 0x00000000c3000000| 99%| O|  |TAMS 0x00000000c2ffffd8, 0x00000000c2f00000| Untracked 
|  48|0x00000000c3000000, 0x00000000c307a520, 0x00000000c3100000| 47%| O|  |TAMS 0x00000000c3000000, 0x00000000c3000000| Untracked 
|  49|0x00000000c3100000, 0x00000000c3100000, 0x00000000c3200000|  0%| F|  |TAMS 0x00000000c3100000, 0x00000000c3100000| Untracked 
|  50|0x00000000c3200000, 0x00000000c32fff58, 0x00000000c3300000| 99%| O|  |TAMS 0x00000000c32fff58, 0x00000000c3200000| Untracked 
|  51|0x00000000c3300000, 0x00000000c3300000, 0x00000000c3400000|  0%| F|  |TAMS 0x00000000c3300000, 0x00000000c3300000| Untracked 
|  52|0x00000000c3400000, 0x00000000c3400000, 0x00000000c3500000|  0%| F|  |TAMS 0x00000000c3400000, 0x00000000c3400000| Untracked 
|  53|0x00000000c3500000, 0x00000000c3500000, 0x00000000c3600000|  0%| F|  |TAMS 0x00000000c3500000, 0x00000000c3500000| Untracked 
|  54|0x00000000c3600000, 0x00000000c3600000, 0x00000000c3700000|  0%| F|  |TAMS 0x00000000c3600000, 0x00000000c3600000| Untracked 
|  55|0x00000000c3700000, 0x00000000c3700000, 0x00000000c3800000|  0%| F|  |TAMS 0x00000000c3700000, 0x00000000c3700000| Untracked 
|  56|0x00000000c3800000, 0x00000000c3800000, 0x00000000c3900000|  0%| F|  |TAMS 0x00000000c3800000, 0x00000000c3800000| Untracked 
|  57|0x00000000c3900000, 0x00000000c39ffff0, 0x00000000c3a00000| 99%| O|  |TAMS 0x00000000c39ffff0, 0x00000000c3900000| Untracked 
|  58|0x00000000c3a00000, 0x00000000c3a00000, 0x00000000c3b00000|  0%| F|  |TAMS 0x00000000c3a00000, 0x00000000c3a00000| Untracked 
|  59|0x00000000c3b00000, 0x00000000c3b00000, 0x00000000c3c00000|  0%| F|  |TAMS 0x00000000c3b00000, 0x00000000c3b00000| Untracked 
|  60|0x00000000c3c00000, 0x00000000c3c00000, 0x00000000c3d00000|  0%| F|  |TAMS 0x00000000c3c00000, 0x00000000c3c00000| Untracked 
|  61|0x00000000c3d00000, 0x00000000c3dfffc8, 0x00000000c3e00000| 99%| O|  |TAMS 0x00000000c3dfffc8, 0x00000000c3d00000| Untracked 
|  62|0x00000000c3e00000, 0x00000000c3e00000, 0x00000000c3f00000|  0%| F|  |TAMS 0x00000000c3e00000, 0x00000000c3e00000| Untracked 
|  63|0x00000000c3f00000, 0x00000000c3f00000, 0x00000000c4000000|  0%| F|  |TAMS 0x00000000c3f00000, 0x00000000c3f00000| Untracked 
|  64|0x00000000c4000000, 0x00000000c4000000, 0x00000000c4100000|  0%| F|  |TAMS 0x00000000c4000000, 0x00000000c4000000| Untracked 
|  65|0x00000000c4100000, 0x00000000c4100000, 0x00000000c4200000|  0%| F|  |TAMS 0x00000000c4100000, 0x00000000c4100000| Untracked 
|  66|0x00000000c4200000, 0x00000000c4200000, 0x00000000c4300000|  0%| F|  |TAMS 0x00000000c4200000, 0x00000000c4200000| Untracked 
|  67|0x00000000c4300000, 0x00000000c4300000, 0x00000000c4400000|  0%| F|  |TAMS 0x00000000c4300000, 0x00000000c4300000| Untracked 
|  68|0x00000000c4400000, 0x00000000c4400000, 0x00000000c4500000|  0%| F|  |TAMS 0x00000000c4400000, 0x00000000c4400000| Untracked 
|  69|0x00000000c4500000, 0x00000000c4500000, 0x00000000c4600000|  0%| F|  |TAMS 0x00000000c4500000, 0x00000000c4500000| Untracked 
|  70|0x00000000c4600000, 0x00000000c4600000, 0x00000000c4700000|  0%| F|  |TAMS 0x00000000c4600000, 0x00000000c4600000| Untracked 
|  71|0x00000000c4700000, 0x00000000c4700000, 0x00000000c4800000|  0%| F|  |TAMS 0x00000000c4700000, 0x00000000c4700000| Untracked 
|  72|0x00000000c4800000, 0x00000000c4800000, 0x00000000c4900000|  0%| F|  |TAMS 0x00000000c4800000, 0x00000000c4800000| Untracked 
|  73|0x00000000c4900000, 0x00000000c4900000, 0x00000000c4a00000|  0%| F|  |TAMS 0x00000000c4900000, 0x00000000c4900000| Untracked 
|  74|0x00000000c4a00000, 0x00000000c4a00000, 0x00000000c4b00000|  0%| F|  |TAMS 0x00000000c4a00000, 0x00000000c4a00000| Untracked 
|  75|0x00000000c4b00000, 0x00000000c4b00000, 0x00000000c4c00000|  0%| F|  |TAMS 0x00000000c4b00000, 0x00000000c4b00000| Untracked 
|  76|0x00000000c4c00000, 0x00000000c4c00000, 0x00000000c4d00000|  0%| F|  |TAMS 0x00000000c4c00000, 0x00000000c4c00000| Untracked 
|  77|0x00000000c4d00000, 0x00000000c4d00000, 0x00000000c4e00000|  0%| F|  |TAMS 0x00000000c4d00000, 0x00000000c4d00000| Untracked 
|  78|0x00000000c4e00000, 0x00000000c4e00000, 0x00000000c4f00000|  0%| F|  |TAMS 0x00000000c4e00000, 0x00000000c4e00000| Untracked 
|  79|0x00000000c4f00000, 0x00000000c4f00000, 0x00000000c5000000|  0%| F|  |TAMS 0x00000000c4f00000, 0x00000000c4f00000| Untracked 
|  80|0x00000000c5000000, 0x00000000c5000000, 0x00000000c5100000|  0%| F|  |TAMS 0x00000000c5000000, 0x00000000c5000000| Untracked 
|  81|0x00000000c5100000, 0x00000000c5100000, 0x00000000c5200000|  0%| F|  |TAMS 0x00000000c5100000, 0x00000000c5100000| Untracked 
|  82|0x00000000c5200000, 0x00000000c5200000, 0x00000000c5300000|  0%| F|  |TAMS 0x00000000c5200000, 0x00000000c5200000| Untracked 
|  83|0x00000000c5300000, 0x00000000c5300000, 0x00000000c5400000|  0%| F|  |TAMS 0x00000000c5300000, 0x00000000c5300000| Untracked 
|  84|0x00000000c5400000, 0x00000000c5400000, 0x00000000c5500000|  0%| F|  |TAMS 0x00000000c5400000, 0x00000000c5400000| Untracked 
|  85|0x00000000c5500000, 0x00000000c5500000, 0x00000000c5600000|  0%| F|  |TAMS 0x00000000c5500000, 0x00000000c5500000| Untracked 
|  86|0x00000000c5600000, 0x00000000c5600000, 0x00000000c5700000|  0%| F|  |TAMS 0x00000000c5600000, 0x00000000c5600000| Untracked 
|  87|0x00000000c5700000, 0x00000000c5700000, 0x00000000c5800000|  0%| F|  |TAMS 0x00000000c5700000, 0x00000000c5700000| Untracked 
|  88|0x00000000c5800000, 0x00000000c5800000, 0x00000000c5900000|  0%| F|  |TAMS 0x00000000c5800000, 0x00000000c5800000| Untracked 
|  89|0x00000000c5900000, 0x00000000c5900000, 0x00000000c5a00000|  0%| F|  |TAMS 0x00000000c5900000, 0x00000000c5900000| Untracked 
|  90|0x00000000c5a00000, 0x00000000c5a00000, 0x00000000c5b00000|  0%| F|  |TAMS 0x00000000c5a00000, 0x00000000c5a00000| Untracked 
|  91|0x00000000c5b00000, 0x00000000c5b00000, 0x00000000c5c00000|  0%| F|  |TAMS 0x00000000c5b00000, 0x00000000c5b00000| Untracked 
|  92|0x00000000c5c00000, 0x00000000c5c00000, 0x00000000c5d00000|  0%| F|  |TAMS 0x00000000c5c00000, 0x00000000c5c00000| Untracked 
|  93|0x00000000c5d00000, 0x00000000c5d00000, 0x00000000c5e00000|  0%| F|  |TAMS 0x00000000c5d00000, 0x00000000c5d00000| Untracked 
|  94|0x00000000c5e00000, 0x00000000c5e00000, 0x00000000c5f00000|  0%| F|  |TAMS 0x00000000c5e00000, 0x00000000c5e00000| Untracked 
|  95|0x00000000c5f00000, 0x00000000c5f00000, 0x00000000c6000000|  0%| F|  |TAMS 0x00000000c5f00000, 0x00000000c5f00000| Untracked 
|  96|0x00000000c6000000, 0x00000000c6000000, 0x00000000c6100000|  0%| F|  |TAMS 0x00000000c6000000, 0x00000000c6000000| Untracked 
|  97|0x00000000c6100000, 0x00000000c6100000, 0x00000000c6200000|  0%| F|  |TAMS 0x00000000c6100000, 0x00000000c6100000| Untracked 
|  98|0x00000000c6200000, 0x00000000c6200000, 0x00000000c6300000|  0%| F|  |TAMS 0x00000000c6200000, 0x00000000c6200000| Untracked 
|  99|0x00000000c6300000, 0x00000000c6300000, 0x00000000c6400000|  0%| F|  |TAMS 0x00000000c6300000, 0x00000000c6300000| Untracked 
| 100|0x00000000c6400000, 0x00000000c6400000, 0x00000000c6500000|  0%| F|  |TAMS 0x00000000c6400000, 0x00000000c6400000| Untracked 
| 101|0x00000000c6500000, 0x00000000c6500000, 0x00000000c6600000|  0%| F|  |TAMS 0x00000000c6500000, 0x00000000c6500000| Untracked 
| 102|0x00000000c6600000, 0x00000000c6600000, 0x00000000c6700000|  0%| F|  |TAMS 0x00000000c6600000, 0x00000000c6600000| Untracked 
| 103|0x00000000c6700000, 0x00000000c6700000, 0x00000000c6800000|  0%| F|  |TAMS 0x00000000c6700000, 0x00000000c6700000| Untracked 
| 104|0x00000000c6800000, 0x00000000c6800000, 0x00000000c6900000|  0%| F|  |TAMS 0x00000000c6800000, 0x00000000c6800000| Untracked 
| 105|0x00000000c6900000, 0x00000000c6900000, 0x00000000c6a00000|  0%| F|  |TAMS 0x00000000c6900000, 0x00000000c6900000| Untracked 
| 106|0x00000000c6a00000, 0x00000000c6a00000, 0x00000000c6b00000|  0%| F|  |TAMS 0x00000000c6a00000, 0x00000000c6a00000| Untracked 
| 107|0x00000000c6b00000, 0x00000000c6b02270, 0x00000000c6c00000|  0%| O|  |TAMS 0x00000000c6b00000, 0x00000000c6b00000| Untracked 
| 108|0x00000000c6c00000, 0x00000000c6c00000, 0x00000000c6d00000|  0%| F|  |TAMS 0x00000000c6c00000, 0x00000000c6c00000| Untracked 
| 109|0x00000000c6d00000, 0x00000000c6d00000, 0x00000000c6e00000|  0%| F|  |TAMS 0x00000000c6d00000, 0x00000000c6d00000| Untracked 
| 110|0x00000000c6e00000, 0x00000000c6e00000, 0x00000000c6f00000|  0%| F|  |TAMS 0x00000000c6e00000, 0x00000000c6e00000| Untracked 
| 111|0x00000000c6f00000, 0x00000000c6f00000, 0x00000000c7000000|  0%| F|  |TAMS 0x00000000c6f00000, 0x00000000c6f00000| Untracked 
| 112|0x00000000c7000000, 0x00000000c7000000, 0x00000000c7100000|  0%| F|  |TAMS 0x00000000c7000000, 0x00000000c7000000| Untracked 
| 113|0x00000000c7100000, 0x00000000c7100000, 0x00000000c7200000|  0%| F|  |TAMS 0x00000000c7100000, 0x00000000c7100000| Untracked 
| 114|0x00000000c7200000, 0x00000000c7200000, 0x00000000c7300000|  0%| F|  |TAMS 0x00000000c7200000, 0x00000000c7200000| Untracked 
| 115|0x00000000c7300000, 0x00000000c7300000, 0x00000000c7400000|  0%| F|  |TAMS 0x00000000c7300000, 0x00000000c7300000| Untracked 
| 116|0x00000000c7400000, 0x00000000c7400000, 0x00000000c7500000|  0%| F|  |TAMS 0x00000000c7400000, 0x00000000c7400000| Untracked 
| 117|0x00000000c7500000, 0x00000000c7500000, 0x00000000c7600000|  0%| F|  |TAMS 0x00000000c7500000, 0x00000000c7500000| Untracked 
| 118|0x00000000c7600000, 0x00000000c7600000, 0x00000000c7700000|  0%| F|  |TAMS 0x00000000c7600000, 0x00000000c7600000| Untracked 
| 119|0x00000000c7700000, 0x00000000c7700000, 0x00000000c7800000|  0%| F|  |TAMS 0x00000000c7700000, 0x00000000c7700000| Untracked 
| 120|0x00000000c7800000, 0x00000000c7800000, 0x00000000c7900000|  0%| F|  |TAMS 0x00000000c7800000, 0x00000000c7800000| Untracked 
| 121|0x00000000c7900000, 0x00000000c7900000, 0x00000000c7a00000|  0%| F|  |TAMS 0x00000000c7900000, 0x00000000c7900000| Untracked 
| 122|0x00000000c7a00000, 0x00000000c7a00000, 0x00000000c7b00000|  0%| F|  |TAMS 0x00000000c7a00000, 0x00000000c7a00000| Untracked 
| 123|0x00000000c7b00000, 0x00000000c7b00000, 0x00000000c7c00000|  0%| F|  |TAMS 0x00000000c7b00000, 0x00000000c7b00000| Untracked 
| 124|0x00000000c7c00000, 0x00000000c7c00000, 0x00000000c7d00000|  0%| F|  |TAMS 0x00000000c7c00000, 0x00000000c7c00000| Untracked 
| 125|0x00000000c7d00000, 0x00000000c7d00000, 0x00000000c7e00000|  0%| F|  |TAMS 0x00000000c7d00000, 0x00000000c7d00000| Untracked 
| 126|0x00000000c7e00000, 0x00000000c7e00000, 0x00000000c7f00000|  0%| F|  |TAMS 0x00000000c7e00000, 0x00000000c7e00000| Untracked 
| 127|0x00000000c7f00000, 0x00000000c7f00000, 0x00000000c8000000|  0%| F|  |TAMS 0x00000000c7f00000, 0x00000000c7f00000| Untracked 
| 128|0x00000000c8000000, 0x00000000c8000000, 0x00000000c8100000|  0%| F|  |TAMS 0x00000000c8000000, 0x00000000c8000000| Untracked 
| 129|0x00000000c8100000, 0x00000000c8100000, 0x00000000c8200000|  0%| F|  |TAMS 0x00000000c8100000, 0x00000000c8100000| Untracked 
| 130|0x00000000c8200000, 0x00000000c8200000, 0x00000000c8300000|  0%| F|  |TAMS 0x00000000c8200000, 0x00000000c8200000| Untracked 
| 131|0x00000000c8300000, 0x00000000c8300000, 0x00000000c8400000|  0%| F|  |TAMS 0x00000000c8300000, 0x00000000c8300000| Untracked 
| 132|0x00000000c8400000, 0x00000000c8400000, 0x00000000c8500000|  0%| F|  |TAMS 0x00000000c8400000, 0x00000000c8400000| Untracked 
| 133|0x00000000c8500000, 0x00000000c8500000, 0x00000000c8600000|  0%| F|  |TAMS 0x00000000c8500000, 0x00000000c8500000| Untracked 
| 134|0x00000000c8600000, 0x00000000c8600000, 0x00000000c8700000|  0%| F|  |TAMS 0x00000000c8600000, 0x00000000c8600000| Untracked 
| 135|0x00000000c8700000, 0x00000000c8700000, 0x00000000c8800000|  0%| F|  |TAMS 0x00000000c8700000, 0x00000000c8700000| Untracked 
| 136|0x00000000c8800000, 0x00000000c8800000, 0x00000000c8900000|  0%| F|  |TAMS 0x00000000c8800000, 0x00000000c8800000| Untracked 
| 137|0x00000000c8900000, 0x00000000c8900000, 0x00000000c8a00000|  0%| F|  |TAMS 0x00000000c8900000, 0x00000000c8900000| Untracked 
| 138|0x00000000c8a00000, 0x00000000c8a00000, 0x00000000c8b00000|  0%| F|  |TAMS 0x00000000c8a00000, 0x00000000c8a00000| Untracked 
| 139|0x00000000c8b00000, 0x00000000c8b00000, 0x00000000c8c00000|  0%| F|  |TAMS 0x00000000c8b00000, 0x00000000c8b00000| Untracked 
| 140|0x00000000c8c00000, 0x00000000c8c00000, 0x00000000c8d00000|  0%| F|  |TAMS 0x00000000c8c00000, 0x00000000c8c00000| Untracked 
| 141|0x00000000c8d00000, 0x00000000c8d00000, 0x00000000c8e00000|  0%| F|  |TAMS 0x00000000c8d00000, 0x00000000c8d00000| Untracked 
| 142|0x00000000c8e00000, 0x00000000c8e00000, 0x00000000c8f00000|  0%| F|  |TAMS 0x00000000c8e00000, 0x00000000c8e00000| Untracked 
| 143|0x00000000c8f00000, 0x00000000c8f00000, 0x00000000c9000000|  0%| F|  |TAMS 0x00000000c8f00000, 0x00000000c8f00000| Untracked 
| 144|0x00000000c9000000, 0x00000000c9000000, 0x00000000c9100000|  0%| F|  |TAMS 0x00000000c9000000, 0x00000000c9000000| Untracked 
| 145|0x00000000c9100000, 0x00000000c9100000, 0x00000000c9200000|  0%| F|  |TAMS 0x00000000c9100000, 0x00000000c9100000| Untracked 
| 146|0x00000000c9200000, 0x00000000c9200000, 0x00000000c9300000|  0%| F|  |TAMS 0x00000000c9200000, 0x00000000c9200000| Untracked 
| 147|0x00000000c9300000, 0x00000000c9300000, 0x00000000c9400000|  0%| F|  |TAMS 0x00000000c9300000, 0x00000000c9300000| Untracked 
| 148|0x00000000c9400000, 0x00000000c9400000, 0x00000000c9500000|  0%| F|  |TAMS 0x00000000c9400000, 0x00000000c9400000| Untracked 
| 149|0x00000000c9500000, 0x00000000c9500000, 0x00000000c9600000|  0%| F|  |TAMS 0x00000000c9500000, 0x00000000c9500000| Untracked 
| 150|0x00000000c9600000, 0x00000000c9600000, 0x00000000c9700000|  0%| F|  |TAMS 0x00000000c9600000, 0x00000000c9600000| Untracked 
| 151|0x00000000c9700000, 0x00000000c9700000, 0x00000000c9800000|  0%| F|  |TAMS 0x00000000c9700000, 0x00000000c9700000| Untracked 
| 152|0x00000000c9800000, 0x00000000c9800000, 0x00000000c9900000|  0%| F|  |TAMS 0x00000000c9800000, 0x00000000c9800000| Untracked 
| 153|0x00000000c9900000, 0x00000000c9900000, 0x00000000c9a00000|  0%| F|  |TAMS 0x00000000c9900000, 0x00000000c9900000| Untracked 
| 154|0x00000000c9a00000, 0x00000000c9a00000, 0x00000000c9b00000|  0%| F|  |TAMS 0x00000000c9a00000, 0x00000000c9a00000| Untracked 
| 155|0x00000000c9b00000, 0x00000000c9b00000, 0x00000000c9c00000|  0%| F|  |TAMS 0x00000000c9b00000, 0x00000000c9b00000| Untracked 
| 156|0x00000000c9c00000, 0x00000000c9c00000, 0x00000000c9d00000|  0%| F|  |TAMS 0x00000000c9c00000, 0x00000000c9c00000| Untracked 
| 157|0x00000000c9d00000, 0x00000000c9d00000, 0x00000000c9e00000|  0%| F|  |TAMS 0x00000000c9d00000, 0x00000000c9d00000| Untracked 
| 158|0x00000000c9e00000, 0x00000000c9e00000, 0x00000000c9f00000|  0%| F|  |TAMS 0x00000000c9e00000, 0x00000000c9e00000| Untracked 
| 159|0x00000000c9f00000, 0x00000000c9f00000, 0x00000000ca000000|  0%| F|  |TAMS 0x00000000c9f00000, 0x00000000c9f00000| Untracked 
| 160|0x00000000ca000000, 0x00000000ca000000, 0x00000000ca100000|  0%| F|  |TAMS 0x00000000ca000000, 0x00000000ca000000| Untracked 
| 161|0x00000000ca100000, 0x00000000ca100000, 0x00000000ca200000|  0%| F|  |TAMS 0x00000000ca100000, 0x00000000ca100000| Untracked 
| 162|0x00000000ca200000, 0x00000000ca200000, 0x00000000ca300000|  0%| F|  |TAMS 0x00000000ca200000, 0x00000000ca200000| Untracked 
| 163|0x00000000ca300000, 0x00000000ca300000, 0x00000000ca400000|  0%| F|  |TAMS 0x00000000ca300000, 0x00000000ca300000| Untracked 
| 164|0x00000000ca400000, 0x00000000ca400000, 0x00000000ca500000|  0%| F|  |TAMS 0x00000000ca400000, 0x00000000ca400000| Untracked 
| 165|0x00000000ca500000, 0x00000000ca500000, 0x00000000ca600000|  0%| F|  |TAMS 0x00000000ca500000, 0x00000000ca500000| Untracked 
| 166|0x00000000ca600000, 0x00000000ca600000, 0x00000000ca700000|  0%| F|  |TAMS 0x00000000ca600000, 0x00000000ca600000| Untracked 
| 167|0x00000000ca700000, 0x00000000ca700000, 0x00000000ca800000|  0%| F|  |TAMS 0x00000000ca700000, 0x00000000ca700000| Untracked 
| 168|0x00000000ca800000, 0x00000000ca800000, 0x00000000ca900000|  0%| F|  |TAMS 0x00000000ca800000, 0x00000000ca800000| Untracked 
| 169|0x00000000ca900000, 0x00000000ca900000, 0x00000000caa00000|  0%| F|  |TAMS 0x00000000ca900000, 0x00000000ca900000| Untracked 
| 170|0x00000000caa00000, 0x00000000caa00000, 0x00000000cab00000|  0%| F|  |TAMS 0x00000000caa00000, 0x00000000caa00000| Untracked 
| 171|0x00000000cab00000, 0x00000000cab00000, 0x00000000cac00000|  0%| F|  |TAMS 0x00000000cab00000, 0x00000000cab00000| Untracked 
| 172|0x00000000cac00000, 0x00000000cac00000, 0x00000000cad00000|  0%| F|  |TAMS 0x00000000cac00000, 0x00000000cac00000| Untracked 
| 173|0x00000000cad00000, 0x00000000cad00000, 0x00000000cae00000|  0%| F|  |TAMS 0x00000000cad00000, 0x00000000cad00000| Untracked 
| 174|0x00000000cae00000, 0x00000000cae00000, 0x00000000caf00000|  0%| F|  |TAMS 0x00000000cae00000, 0x00000000cae00000| Untracked 
| 175|0x00000000caf00000, 0x00000000caf00000, 0x00000000cb000000|  0%| F|  |TAMS 0x00000000caf00000, 0x00000000caf00000| Untracked 
| 176|0x00000000cb000000, 0x00000000cb000000, 0x00000000cb100000|  0%| F|  |TAMS 0x00000000cb000000, 0x00000000cb000000| Untracked 
| 177|0x00000000cb100000, 0x00000000cb100000, 0x00000000cb200000|  0%| F|  |TAMS 0x00000000cb100000, 0x00000000cb100000| Untracked 
| 178|0x00000000cb200000, 0x00000000cb200000, 0x00000000cb300000|  0%| F|  |TAMS 0x00000000cb200000, 0x00000000cb200000| Untracked 
| 179|0x00000000cb300000, 0x00000000cb300000, 0x00000000cb400000|  0%| F|  |TAMS 0x00000000cb300000, 0x00000000cb300000| Untracked 
| 180|0x00000000cb400000, 0x00000000cb400000, 0x00000000cb500000|  0%| F|  |TAMS 0x00000000cb400000, 0x00000000cb400000| Untracked 
| 181|0x00000000cb500000, 0x00000000cb500000, 0x00000000cb600000|  0%| F|  |TAMS 0x00000000cb500000, 0x00000000cb500000| Untracked 
| 182|0x00000000cb600000, 0x00000000cb600000, 0x00000000cb700000|  0%| F|  |TAMS 0x00000000cb600000, 0x00000000cb600000| Untracked 
| 183|0x00000000cb700000, 0x00000000cb700000, 0x00000000cb800000|  0%| F|  |TAMS 0x00000000cb700000, 0x00000000cb700000| Untracked 
| 184|0x00000000cb800000, 0x00000000cb800000, 0x00000000cb900000|  0%| F|  |TAMS 0x00000000cb800000, 0x00000000cb800000| Untracked 
| 185|0x00000000cb900000, 0x00000000cb900000, 0x00000000cba00000|  0%| F|  |TAMS 0x00000000cb900000, 0x00000000cb900000| Untracked 
| 186|0x00000000cba00000, 0x00000000cba00000, 0x00000000cbb00000|  0%| F|  |TAMS 0x00000000cba00000, 0x00000000cba00000| Untracked 
| 187|0x00000000cbb00000, 0x00000000cbb00000, 0x00000000cbc00000|  0%| F|  |TAMS 0x00000000cbb00000, 0x00000000cbb00000| Untracked 
| 188|0x00000000cbc00000, 0x00000000cbc00000, 0x00000000cbd00000|  0%| F|  |TAMS 0x00000000cbc00000, 0x00000000cbc00000| Untracked 
| 189|0x00000000cbd00000, 0x00000000cbd00000, 0x00000000cbe00000|  0%| F|  |TAMS 0x00000000cbd00000, 0x00000000cbd00000| Untracked 
| 190|0x00000000cbe00000, 0x00000000cbe00000, 0x00000000cbf00000|  0%| F|  |TAMS 0x00000000cbe00000, 0x00000000cbe00000| Untracked 
| 191|0x00000000cbf00000, 0x00000000cbf00000, 0x00000000cc000000|  0%| F|  |TAMS 0x00000000cbf00000, 0x00000000cbf00000| Untracked 
| 192|0x00000000cc000000, 0x00000000cc000000, 0x00000000cc100000|  0%| F|  |TAMS 0x00000000cc000000, 0x00000000cc000000| Untracked 
| 193|0x00000000cc100000, 0x00000000cc100000, 0x00000000cc200000|  0%| F|  |TAMS 0x00000000cc100000, 0x00000000cc100000| Untracked 
| 194|0x00000000cc200000, 0x00000000cc200000, 0x00000000cc300000|  0%| F|  |TAMS 0x00000000cc200000, 0x00000000cc200000| Untracked 
| 195|0x00000000cc300000, 0x00000000cc300000, 0x00000000cc400000|  0%| F|  |TAMS 0x00000000cc300000, 0x00000000cc300000| Untracked 
| 196|0x00000000cc400000, 0x00000000cc40e9d8, 0x00000000cc500000|  5%| E|  |TAMS 0x00000000cc400000, 0x00000000cc400000| Complete 
| 386|0x00000000d8200000, 0x00000000d8300000, 0x00000000d8300000|100%| O|  |TAMS 0x00000000d8300000, 0x00000000d8200000| Untracked 
| 391|0x00000000d8700000, 0x00000000d8800000, 0x00000000d8800000|100%|HS|  |TAMS 0x00000000d8800000, 0x00000000d8700000| Untracked 
| 392|0x00000000d8800000, 0x00000000d8900000, 0x00000000d8900000|100%|HS|  |TAMS 0x00000000d8900000, 0x00000000d8800000| Untracked 
| 409|0x00000000d9900000, 0x00000000d9a00000, 0x00000000d9a00000|100%| O|  |TAMS 0x00000000d9a00000, 0x00000000d9900000| Untracked 
| 411|0x00000000d9b00000, 0x00000000d9c00000, 0x00000000d9c00000|100%| O|  |TAMS 0x00000000d9c00000, 0x00000000d9b00000| Untracked 
| 413|0x00000000d9d00000, 0x00000000d9e00000, 0x00000000d9e00000|100%| O|  |TAMS 0x00000000d9e00000, 0x00000000d9d00000| Untracked 
| 414|0x00000000d9e00000, 0x00000000d9f00000, 0x00000000d9f00000|100%| O|  |TAMS 0x00000000d9f00000, 0x00000000d9e00000| Untracked 
| 415|0x00000000d9f00000, 0x00000000da000000, 0x00000000da000000|100%| O|  |TAMS 0x00000000da000000, 0x00000000d9f00000| Untracked 
| 467|0x00000000dd300000, 0x00000000dd400000, 0x00000000dd400000|100%| O|  |TAMS 0x00000000dd400000, 0x00000000dd300000| Untracked 
| 469|0x00000000dd500000, 0x00000000dd600000, 0x00000000dd600000|100%| O|  |TAMS 0x00000000dd600000, 0x00000000dd500000| Untracked 

Card table byte_map: [0x000002b2cef90000,0x000002b2cf190000] _byte_map_base: 0x000002b2ce990000

Marking Bits (Prev, Next): (CMBitMap*) 0x000002b2c2652800, (CMBitMap*) 0x000002b2c26527c0
 Prev Bits: [0x000002b2d0390000, 0x000002b2d1390000)
 Next Bits: [0x000002b2cf390000, 0x000002b2d0390000)

Polling page: 0x000002b2c26c0000

Metaspace:

Usage:
  Non-class:     58.31 MB used.
      Class:      9.33 MB used.
       Both:     67.64 MB used.

Virtual space:
  Non-class space:       64.00 MB reserved,      58.88 MB ( 92%) committed,  1 nodes.
      Class space:        1.00 GB reserved,       9.69 MB ( <1%) committed,  1 nodes.
             Both:        1.06 GB reserved,      68.56 MB (  6%) committed. 

Chunk freelists:
   Non-Class:  5.46 MB
       Class:  6.29 MB
        Both:  11.75 MB

MaxMetaspaceSize: unlimited
CompressedClassSpaceSize: 1.00 GB
Initial GC threshold: 21.00 MB
Current GC threshold: 114.06 MB
CDS: on
MetaspaceReclaimPolicy: balanced
 - commit_granule_bytes: 65536.
 - commit_granule_words: 8192.
 - virtual_space_node_default_size: 8388608.
 - enlarge_chunks_in_place: 1.
 - new_chunks_are_fully_committed: 0.
 - uncommit_free_chunks: 1.
 - use_allocation_guard: 0.
 - handle_deallocations: 1.


Internal statistics:

num_allocs_failed_limit: 22.
num_arena_births: 804.
num_arena_deaths: 250.
num_vsnodes_births: 2.
num_vsnodes_deaths: 0.
num_space_committed: 1097.
num_space_uncommitted: 0.
num_chunks_returned_to_freelist: 320.
num_chunks_taken_from_freelist: 3425.
num_chunk_merges: 117.
num_chunk_splits: 2381.
num_chunks_enlarged: 1695.
num_inconsistent_stats: 0.

CodeCache: size=49152Kb used=25727Kb max_used=26699Kb free=23424Kb
 bounds [0x000002b2cb8f0000, 0x000002b2cd310000, 0x000002b2ce8f0000]
 total_blobs=14496 nmethods=13798 adapters=622
 compilation: enabled
              stopped_count=0, restarted_count=0
 full_count=0

Compilation events (20 events):
Event: 1291.723 Thread 0x000002b2d39fae80 14044       1       java.util.concurrent.ConcurrentLinkedDeque::toArray (6 bytes)
Event: 1291.723 Thread 0x000002b2d39fae80 nmethod 14044 0x000002b2cbff7b90 code [0x000002b2cbff7d20, 0x000002b2cbff7e08]
Event: 1308.551 Thread 0x000002b2d39fae80 14046       1       java.lang.Runtime::getRuntime (4 bytes)
Event: 1308.606 Thread 0x000002b2d39fae80 nmethod 14046 0x000002b2cbff7890 code [0x000002b2cbff7a20, 0x000002b2cbff7ad8]
Event: 1318.621 Thread 0x000002b2d39fae80 14047       1       org.springframework.ide.vscode.commons.languageserver.util.SimpleLanguageServer::getParentProcessId (5 bytes)
Event: 1318.621 Thread 0x000002b2d39fae80 nmethod 14047 0x000002b2cbff7410 code [0x000002b2cbff75a0, 0x000002b2cbff7678]
Event: 1410.830 Thread 0x000002b2d39fae80 14048       1       java.io.FileInputStream::<init> (59 bytes)
Event: 1410.830 Thread 0x000002b2d39fae80 nmethod 14048 0x000002b2cc0ec210 code [0x000002b2cc0ec400, 0x000002b2cc0ec908]
Event: 1410.830 Thread 0x000002b2d39fae80 14049       1       java.lang.Process$PipeInputStream::<init> (6 bytes)
Event: 1410.831 Thread 0x000002b2d39fae80 nmethod 14049 0x000002b2cbb71510 code [0x000002b2cbb716a0, 0x000002b2cbb71788]
Event: 1411.304 Thread 0x000002b2d39fae80 14050       1       java.lang.ProcessImpl::exitValue (28 bytes)
Event: 1411.304 Thread 0x000002b2d39fae80 nmethod 14050 0x000002b2cbb71110 code [0x000002b2cbb712c0, 0x000002b2cbb71418]
Event: 1411.304 Thread 0x000002b2d39fae80 14051       1       java.lang.ProcessImpl::getInputStream (5 bytes)
Event: 1411.304 Thread 0x000002b2d39fae80 nmethod 14051 0x000002b2cbb70b90 code [0x000002b2cbb70d20, 0x000002b2cbb70df8]
Event: 1411.304 Thread 0x000002b2d39fae80 14052       1       java.lang.ProcessImpl::getErrorStream (5 bytes)
Event: 1411.304 Thread 0x000002b2d39fae80 nmethod 14052 0x000002b2cc007210 code [0x000002b2cc0073a0, 0x000002b2cc007478]
Event: 1411.304 Thread 0x000002b2d39fae80 14053   !   1       com.google.common.io.Closeables::closeQuietly (19 bytes)
Event: 1411.356 Thread 0x000002b2d39fae80 nmethod 14053 0x000002b2cc006e10 code [0x000002b2cc006fc0, 0x000002b2cc007138]
Event: 1779.253 Thread 0x000002b2d39fae80 14055       1       java.util.Properties::getProperty (16 bytes)
Event: 1779.253 Thread 0x000002b2d39fae80 nmethod 14055 0x000002b2cc006b10 code [0x000002b2cc006ca0, 0x000002b2cc006da8]

GC Heap History (20 events):
Event: 1748.759 GC heap before
{Heap before GC invocations=277 (full 160):
 garbage-first heap   total 211968K, used 62840K [0x00000000c0000000, 0x0000000100000000)
  region size 1024K, 1 young (1024K), 0 survivors (0K)
 Metaspace       used 69264K, committed 70208K, reserved 1114112K
  class space    used 9553K, committed 9920K, reserved 1048576K
}
Event: 1748.810 GC heap after
{Heap after GC invocations=278 (full 161):
 garbage-first heap   total 211968K, used 62840K [0x00000000c0000000, 0x0000000100000000)
  region size 1024K, 0 young (0K), 0 survivors (0K)
 Metaspace       used 69264K, committed 70208K, reserved 1114112K
  class space    used 9553K, committed 9920K, reserved 1048576K
}
Event: 1758.973 GC heap before
{Heap before GC invocations=278 (full 161):
 garbage-first heap   total 211968K, used 62840K [0x00000000c0000000, 0x0000000100000000)
  region size 1024K, 1 young (1024K), 0 survivors (0K)
 Metaspace       used 69264K, committed 70208K, reserved 1114112K
  class space    used 9553K, committed 9920K, reserved 1048576K
}
Event: 1759.031 GC heap after
{Heap after GC invocations=279 (full 162):
 garbage-first heap   total 211968K, used 62840K [0x00000000c0000000, 0x0000000100000000)
  region size 1024K, 0 young (0K), 0 survivors (0K)
 Metaspace       used 69264K, committed 70208K, reserved 1114112K
  class space    used 9553K, committed 9920K, reserved 1048576K
}
Event: 1769.194 GC heap before
{Heap before GC invocations=279 (full 162):
 garbage-first heap   total 211968K, used 62840K [0x00000000c0000000, 0x0000000100000000)
  region size 1024K, 1 young (1024K), 0 survivors (0K)
 Metaspace       used 69264K, committed 70208K, reserved 1114112K
  class space    used 9553K, committed 9920K, reserved 1048576K
}
Event: 1769.241 GC heap after
{Heap after GC invocations=280 (full 163):
 garbage-first heap   total 211968K, used 62840K [0x00000000c0000000, 0x0000000100000000)
  region size 1024K, 0 young (0K), 0 survivors (0K)
 Metaspace       used 69264K, committed 70208K, reserved 1114112K
  class space    used 9553K, committed 9920K, reserved 1048576K
}
Event: 1779.434 GC heap before
{Heap before GC invocations=280 (full 163):
 garbage-first heap   total 211968K, used 62840K [0x00000000c0000000, 0x0000000100000000)
  region size 1024K, 1 young (1024K), 0 survivors (0K)
 Metaspace       used 69264K, committed 70208K, reserved 1114112K
  class space    used 9553K, committed 9920K, reserved 1048576K
}
Event: 1779.489 GC heap after
{Heap after GC invocations=281 (full 164):
 garbage-first heap   total 211968K, used 62840K [0x00000000c0000000, 0x0000000100000000)
  region size 1024K, 0 young (0K), 0 survivors (0K)
 Metaspace       used 69264K, committed 70208K, reserved 1114112K
  class space    used 9553K, committed 9920K, reserved 1048576K
}
Event: 1789.639 GC heap before
{Heap before GC invocations=281 (full 164):
 garbage-first heap   total 211968K, used 62840K [0x00000000c0000000, 0x0000000100000000)
  region size 1024K, 1 young (1024K), 0 survivors (0K)
 Metaspace       used 69264K, committed 70208K, reserved 1114112K
  class space    used 9553K, committed 9920K, reserved 1048576K
}
Event: 1789.687 GC heap after
{Heap after GC invocations=282 (full 165):
 garbage-first heap   total 211968K, used 62840K [0x00000000c0000000, 0x0000000100000000)
  region size 1024K, 0 young (0K), 0 survivors (0K)
 Metaspace       used 69264K, committed 70208K, reserved 1114112K
  class space    used 9553K, committed 9920K, reserved 1048576K
}
Event: 1799.867 GC heap before
{Heap before GC invocations=282 (full 165):
 garbage-first heap   total 211968K, used 62840K [0x00000000c0000000, 0x0000000100000000)
  region size 1024K, 1 young (1024K), 0 survivors (0K)
 Metaspace       used 69264K, committed 70208K, reserved 1114112K
  class space    used 9553K, committed 9920K, reserved 1048576K
}
Event: 1799.918 GC heap after
{Heap after GC invocations=283 (full 166):
 garbage-first heap   total 211968K, used 62840K [0x00000000c0000000, 0x0000000100000000)
  region size 1024K, 0 young (0K), 0 survivors (0K)
 Metaspace       used 69264K, committed 70208K, reserved 1114112K
  class space    used 9553K, committed 9920K, reserved 1048576K
}
Event: 1810.080 GC heap before
{Heap before GC invocations=283 (full 166):
 garbage-first heap   total 211968K, used 62840K [0x00000000c0000000, 0x0000000100000000)
  region size 1024K, 1 young (1024K), 0 survivors (0K)
 Metaspace       used 69264K, committed 70208K, reserved 1114112K
  class space    used 9553K, committed 9920K, reserved 1048576K
}
Event: 1810.132 GC heap after
{Heap after GC invocations=284 (full 167):
 garbage-first heap   total 211968K, used 62840K [0x00000000c0000000, 0x0000000100000000)
  region size 1024K, 0 young (0K), 0 survivors (0K)
 Metaspace       used 69264K, committed 70208K, reserved 1114112K
  class space    used 9553K, committed 9920K, reserved 1048576K
}
Event: 1820.495 GC heap before
{Heap before GC invocations=284 (full 167):
 garbage-first heap   total 211968K, used 62840K [0x00000000c0000000, 0x0000000100000000)
  region size 1024K, 1 young (1024K), 0 survivors (0K)
 Metaspace       used 69264K, committed 70208K, reserved 1114112K
  class space    used 9553K, committed 9920K, reserved 1048576K
}
Event: 1820.548 GC heap after
{Heap after GC invocations=285 (full 168):
 garbage-first heap   total 211968K, used 62840K [0x00000000c0000000, 0x0000000100000000)
  region size 1024K, 0 young (0K), 0 survivors (0K)
 Metaspace       used 69264K, committed 70208K, reserved 1114112K
  class space    used 9553K, committed 9920K, reserved 1048576K
}
Event: 1830.838 GC heap before
{Heap before GC invocations=285 (full 168):
 garbage-first heap   total 211968K, used 62840K [0x00000000c0000000, 0x0000000100000000)
  region size 1024K, 1 young (1024K), 0 survivors (0K)
 Metaspace       used 69264K, committed 70208K, reserved 1114112K
  class space    used 9553K, committed 9920K, reserved 1048576K
}
Event: 1830.891 GC heap after
{Heap after GC invocations=286 (full 169):
 garbage-first heap   total 211968K, used 62840K [0x00000000c0000000, 0x0000000100000000)
  region size 1024K, 0 young (0K), 0 survivors (0K)
 Metaspace       used 69264K, committed 70208K, reserved 1114112K
  class space    used 9553K, committed 9920K, reserved 1048576K
}
Event: 1841.156 GC heap before
{Heap before GC invocations=286 (full 169):
 garbage-first heap   total 211968K, used 62840K [0x00000000c0000000, 0x0000000100000000)
  region size 1024K, 1 young (1024K), 0 survivors (0K)
 Metaspace       used 69264K, committed 70208K, reserved 1114112K
  class space    used 9553K, committed 9920K, reserved 1048576K
}
Event: 1841.206 GC heap after
{Heap after GC invocations=287 (full 170):
 garbage-first heap   total 211968K, used 62840K [0x00000000c0000000, 0x0000000100000000)
  region size 1024K, 0 young (0K), 0 survivors (0K)
 Metaspace       used 69264K, committed 70208K, reserved 1114112K
  class space    used 9553K, committed 9920K, reserved 1048576K
}

Dll operation events (11 events):
Event: 0.287 Loaded shared library C:\Users\gr.costache\.jdks\temurin-17.0.8.1\bin\java.dll
Event: 0.598 Loaded shared library C:\Users\gr.costache\.jdks\temurin-17.0.8.1\bin\jsvml.dll
Event: 2.096 Loaded shared library C:\Users\gr.costache\.jdks\temurin-17.0.8.1\bin\net.dll
Event: 2.104 Loaded shared library C:\Users\gr.costache\.jdks\temurin-17.0.8.1\bin\nio.dll
Event: 2.108 Loaded shared library C:\Users\gr.costache\.jdks\temurin-17.0.8.1\bin\zip.dll
Event: 2.846 Loaded shared library C:\Users\gr.costache\.jdks\temurin-17.0.8.1\bin\jimage.dll
Event: 11.826 Loaded shared library C:\Users\gr.costache\.jdks\temurin-17.0.8.1\bin\management.dll
Event: 11.828 Loaded shared library C:\Users\gr.costache\.jdks\temurin-17.0.8.1\bin\management_ext.dll
Event: 25.838 Loaded shared library C:\Users\gr.costache\.jdks\temurin-17.0.8.1\bin\verify.dll
Event: 38.518 Loaded shared library C:\Users\gr.costache\.jdks\temurin-17.0.8.1\bin\sunmscapi.dll
Event: 46.475 Loaded shared library C:\Users\gr.costache\AppData\Local\Temp\snappy-1.1.10-011ee237-57e6-4a0f-bc60-d636e3d08f27-snappyjava.dll

Deoptimization events (20 events):
Event: 45.770 Thread 0x000002b2d8517f70 DEOPT PACKING pc=0x000002b2cc680544 sp=0x000000e77cefe770
Event: 45.770 Thread 0x000002b2d8517f70 DEOPT UNPACKING pc=0x000002b2cb94ace3 sp=0x000000e77cefdcf0 mode 0
Event: 45.770 Thread 0x000002b2d8517f70 DEOPT PACKING pc=0x000002b2cc680544 sp=0x000000e77cefe9d0
Event: 45.770 Thread 0x000002b2d8517f70 DEOPT UNPACKING pc=0x000002b2cb94ace3 sp=0x000000e77cefdf50 mode 0
Event: 45.775 Thread 0x000002b2d8517f70 DEOPT PACKING pc=0x000002b2cc680544 sp=0x000000e77cefee50
Event: 45.775 Thread 0x000002b2d8517f70 DEOPT UNPACKING pc=0x000002b2cb94ace3 sp=0x000000e77cefe3d0 mode 0
Event: 46.165 Thread 0x000002b2da207ec0 DEOPT PACKING pc=0x000002b2ccc2b38c sp=0x000000e77e8fdfc0
Event: 46.165 Thread 0x000002b2da207ec0 DEOPT UNPACKING pc=0x000002b2cb94ace3 sp=0x000000e77e8fd508 mode 0
Event: 46.196 Thread 0x000002b2da207ec0 DEOPT PACKING pc=0x000002b2ccc2b3ec sp=0x000000e77e8fe2c0
Event: 46.196 Thread 0x000002b2da207ec0 DEOPT UNPACKING pc=0x000002b2cb94ace3 sp=0x000000e77e8fd810 mode 0
Event: 46.196 Thread 0x000002b2da207ec0 DEOPT PACKING pc=0x000002b2ccc2b3ec sp=0x000000e77e8fe520
Event: 46.196 Thread 0x000002b2da207ec0 DEOPT UNPACKING pc=0x000002b2cb94ace3 sp=0x000000e77e8fda70 mode 0
Event: 55.470 Thread 0x000002b2da206a80 DEOPT PACKING pc=0x000002b2ccc39ea4 sp=0x000000e77ecfddb0
Event: 55.470 Thread 0x000002b2da206a80 DEOPT UNPACKING pc=0x000002b2cb94ace3 sp=0x000000e77ecfd348 mode 0
Event: 55.489 Thread 0x000002b2da206a80 DEOPT PACKING pc=0x000002b2cce88e8c sp=0x000000e77ecfdde0
Event: 55.489 Thread 0x000002b2da206a80 DEOPT UNPACKING pc=0x000002b2cb94ace3 sp=0x000000e77ecfd270 mode 0
Event: 65.703 Thread 0x000002b2da207ec0 DEOPT PACKING pc=0x000002b2ccbacb6f sp=0x000000e77e8fd090
Event: 65.703 Thread 0x000002b2da207ec0 DEOPT UNPACKING pc=0x000002b2cb94ace3 sp=0x000000e77e8fc588 mode 3
Event: 65.887 Thread 0x000002b2da207ec0 DEOPT PACKING pc=0x000002b2cc2a4d6d sp=0x000000e77e8fdeb0
Event: 65.887 Thread 0x000002b2da207ec0 DEOPT UNPACKING pc=0x000002b2cb94ace3 sp=0x000000e77e8fd3d0 mode 3

Classes unloaded (20 events):
Event: 224.706 Thread 0x000002b2d39d62e0 Unloading class 0x000002b2812e5000 'java/lang/invoke/LambdaForm$MH+0x000002b2812e5000'
Event: 224.706 Thread 0x000002b2d39d62e0 Unloading class 0x000002b28101a000 'java/lang/invoke/LambdaForm$MH+0x000002b28101a000'
Event: 224.706 Thread 0x000002b2d39d62e0 Unloading class 0x000002b281019c00 'java/lang/invoke/LambdaForm$MH+0x000002b281019c00'
Event: 224.706 Thread 0x000002b2d39d62e0 Unloading class 0x000002b281019800 'java/lang/invoke/LambdaForm$MH+0x000002b281019800'
Event: 224.706 Thread 0x000002b2d39d62e0 Unloading class 0x000002b281019400 'java/lang/invoke/LambdaForm$MH+0x000002b281019400'
Event: 224.706 Thread 0x000002b2d39d62e0 Unloading class 0x000002b281019000 'java/lang/invoke/LambdaForm$MH+0x000002b281019000'
Event: 224.706 Thread 0x000002b2d39d62e0 Unloading class 0x000002b281018c00 'java/lang/invoke/LambdaForm$MH+0x000002b281018c00'
Event: 224.706 Thread 0x000002b2d39d62e0 Unloading class 0x000002b281018800 'java/lang/invoke/LambdaForm$MH+0x000002b281018800'
Event: 224.706 Thread 0x000002b2d39d62e0 Unloading class 0x000002b281018400 'java/lang/invoke/LambdaForm$MH+0x000002b281018400'
Event: 224.706 Thread 0x000002b2d39d62e0 Unloading class 0x000002b28100dc00 'java/lang/invoke/LambdaForm$MH+0x000002b28100dc00'
Event: 224.706 Thread 0x000002b2d39d62e0 Unloading class 0x000002b28100d400 'java/lang/invoke/LambdaForm$MH+0x000002b28100d400'
Event: 224.706 Thread 0x000002b2d39d62e0 Unloading class 0x000002b28100cc00 'java/lang/invoke/LambdaForm$MH+0x000002b28100cc00'
Event: 234.920 Thread 0x000002b2d39d62e0 Unloading class 0x000002b281454000 'jdk/internal/reflect/GeneratedMethodAccessor22'
Event: 234.920 Thread 0x000002b2d39d62e0 Unloading class 0x000002b281011800 'java/lang/invoke/LambdaForm$MH+0x000002b281011800'
Event: 234.920 Thread 0x000002b2d39d62e0 Unloading class 0x000002b281011400 'java/lang/invoke/LambdaForm$MH+0x000002b281011400'
Event: 234.920 Thread 0x000002b2d39d62e0 Unloading class 0x000002b281011000 'java/lang/invoke/LambdaForm$MH+0x000002b281011000'
Event: 234.920 Thread 0x000002b2d39d62e0 Unloading class 0x000002b281010c00 'java/lang/invoke/LambdaForm$MH+0x000002b281010c00'
Event: 234.920 Thread 0x000002b2d39d62e0 Unloading class 0x000002b281010800 'java/lang/invoke/LambdaForm$MH+0x000002b281010800'
Event: 234.920 Thread 0x000002b2d39d62e0 Unloading class 0x000002b281010400 'java/lang/invoke/LambdaForm$MH+0x000002b281010400'
Event: 234.920 Thread 0x000002b2d39d62e0 Unloading class 0x000002b28100c400 'java/lang/invoke/LambdaForm$MH+0x000002b28100c400'

Classes redefined (0 events):
No events

Internal exceptions (20 events):
Event: 72.443 Thread 0x000002b2da206a80 Exception <a 'sun/nio/fs/WindowsException'{0x00000000e44af090}> (0x00000000e44af090) 
thrown [s\src\hotspot\share\prims\jni.cpp, line 516]
Event: 72.443 Thread 0x000002b2da206a80 Exception <a 'sun/nio/fs/WindowsException'{0x00000000e44af420}> (0x00000000e44af420) 
thrown [s\src\hotspot\share\prims\jni.cpp, line 516]
Event: 72.444 Thread 0x000002b2da206a80 Exception <a 'sun/nio/fs/WindowsException'{0x00000000e44d5550}> (0x00000000e44d5550) 
thrown [s\src\hotspot\share\prims\jni.cpp, line 516]
Event: 72.444 Thread 0x000002b2da206a80 Exception <a 'sun/nio/fs/WindowsException'{0x00000000e44d58a8}> (0x00000000e44d58a8) 
thrown [s\src\hotspot\share\prims\jni.cpp, line 516]
Event: 72.445 Thread 0x000002b2da206a80 Exception <a 'sun/nio/fs/WindowsException'{0x00000000e44e1dd8}> (0x00000000e44e1dd8) 
thrown [s\src\hotspot\share\prims\jni.cpp, line 516]
Event: 72.445 Thread 0x000002b2da206a80 Exception <a 'sun/nio/fs/WindowsException'{0x00000000e44e2150}> (0x00000000e44e2150) 
thrown [s\src\hotspot\share\prims\jni.cpp, line 516]
Event: 72.445 Thread 0x000002b2da206a80 Exception <a 'sun/nio/fs/WindowsException'{0x00000000e44f9048}> (0x00000000e44f9048) 
thrown [s\src\hotspot\share\prims\jni.cpp, line 516]
Event: 72.445 Thread 0x000002b2da206a80 Exception <a 'sun/nio/fs/WindowsException'{0x00000000e44f9398}> (0x00000000e44f9398) 
thrown [s\src\hotspot\share\prims\jni.cpp, line 516]
Event: 72.445 Thread 0x000002b2da206a80 Exception <a 'sun/nio/fs/WindowsException'{0x00000000e4303680}> (0x00000000e4303680) 
thrown [s\src\hotspot\share\prims\jni.cpp, line 516]
Event: 72.445 Thread 0x000002b2da206a80 Exception <a 'sun/nio/fs/WindowsException'{0x00000000e43039f0}> (0x00000000e43039f0) 
thrown [s\src\hotspot\share\prims\jni.cpp, line 516]
Event: 72.447 Thread 0x000002b2da206a80 Exception <a 'sun/nio/fs/WindowsException'{0x00000000e4330e28}> (0x00000000e4330e28) 
thrown [s\src\hotspot\share\prims\jni.cpp, line 516]
Event: 72.447 Thread 0x000002b2da206a80 Exception <a 'sun/nio/fs/WindowsException'{0x00000000e43311a0}> (0x00000000e43311a0) 
thrown [s\src\hotspot\share\prims\jni.cpp, line 516]
Event: 72.447 Thread 0x000002b2da206a80 Exception <a 'sun/nio/fs/WindowsException'{0x00000000e4332d18}> (0x00000000e4332d18) 
thrown [s\src\hotspot\share\prims\jni.cpp, line 516]
Event: 72.447 Thread 0x000002b2da206a80 Exception <a 'sun/nio/fs/WindowsException'{0x00000000e43330a8}> (0x00000000e43330a8) 
thrown [s\src\hotspot\share\prims\jni.cpp, line 516]
Event: 72.448 Thread 0x000002b2da206a80 Exception <a 'sun/nio/fs/WindowsException'{0x00000000e435ae08}> (0x00000000e435ae08) 
thrown [s\src\hotspot\share\prims\jni.cpp, line 516]
Event: 72.448 Thread 0x000002b2da206a80 Exception <a 'sun/nio/fs/WindowsException'{0x00000000e435b168}> (0x00000000e435b168) 
thrown [s\src\hotspot\share\prims\jni.cpp, line 516]
Event: 72.448 Thread 0x000002b2da206a80 Exception <a 'sun/nio/fs/WindowsException'{0x00000000e4360aa0}> (0x00000000e4360aa0) 
thrown [s\src\hotspot\share\prims\jni.cpp, line 516]
Event: 72.448 Thread 0x000002b2da206a80 Exception <a 'sun/nio/fs/WindowsException'{0x00000000e4360e28}> (0x00000000e4360e28) 
thrown [s\src\hotspot\share\prims\jni.cpp, line 516]
Event: 112.160 Thread 0x000002b2d91422c0 Exception <a 'java/lang/NoSuchMethodError'{0x00000000e7082c80}: 'void java.lang.invoke.DirectMethodHandle$Holder.invokeStatic(java.lang.Object, long)'> (0x00000000e7082c80) 
thrown [s\src\hotspot\share\interpreter\linkResolver.cpp, line 759]
Event: 112.160 Thread 0x000002b2d91422c0 Exception <a 'java/lang/NoSuchMethodError'{0x00000000e7088030}: 'java.lang.Object java.lang.invoke.DirectMethodHandle$Holder.newInvokeSpecial(java.lang.Object, long)'> (0x00000000e7088030) 
thrown [s\src\hotspot\share\interpreter\linkResolver.cpp, line 759]

VM Operations (20 events):
Event: 1748.811 Executing VM operation: G1CollectFull done
Event: 1758.973 Executing VM operation: G1CollectFull
Event: 1759.032 Executing VM operation: G1CollectFull done
Event: 1769.194 Executing VM operation: G1CollectFull
Event: 1769.242 Executing VM operation: G1CollectFull done
Event: 1779.434 Executing VM operation: G1CollectFull
Event: 1779.489 Executing VM operation: G1CollectFull done
Event: 1789.638 Executing VM operation: G1CollectFull
Event: 1789.688 Executing VM operation: G1CollectFull done
Event: 1799.867 Executing VM operation: G1CollectFull
Event: 1799.918 Executing VM operation: G1CollectFull done
Event: 1810.080 Executing VM operation: G1CollectFull
Event: 1810.132 Executing VM operation: G1CollectFull done
Event: 1820.495 Executing VM operation: G1CollectFull
Event: 1820.548 Executing VM operation: G1CollectFull done
Event: 1830.837 Executing VM operation: G1CollectFull
Event: 1830.891 Executing VM operation: G1CollectFull done
Event: 1841.156 Executing VM operation: G1CollectFull
Event: 1841.206 Executing VM operation: G1CollectFull done
Event: 1851.480 Executing VM operation: G1CollectFull

Events (20 events):
Event: 204.353 Thread 0x000002b2d39fb880 flushing nmethod 0x000002b2cc978310
Event: 204.353 Thread 0x000002b2d39fb880 flushing nmethod 0x000002b2cc97ad10
Event: 204.353 Thread 0x000002b2d39fb880 flushing nmethod 0x000002b2cc985690
Event: 204.353 Thread 0x000002b2d39fb880 flushing nmethod 0x000002b2cc985990
Event: 204.353 Thread 0x000002b2d39fb880 flushing nmethod 0x000002b2cc986f10
Event: 204.353 Thread 0x000002b2d39fb880 flushing nmethod 0x000002b2cc9a0090
Event: 204.354 Thread 0x000002b2d39fb880 flushing nmethod 0x000002b2cc9b5410
Event: 204.354 Thread 0x000002b2d39fb880 flushing nmethod 0x000002b2cc9c8890
Event: 204.354 Thread 0x000002b2d39fb880 flushing nmethod 0x000002b2cc9ebc90
Event: 204.354 Thread 0x000002b2d39fb880 flushing nmethod 0x000002b2ccaeda90
Event: 204.355 Thread 0x000002b2d39fb880 flushing nmethod 0x000002b2ccbd2390
Event: 204.355 Thread 0x000002b2d39fb880 flushing nmethod 0x000002b2ccbf6510
Event: 204.355 Thread 0x000002b2d39fb880 flushing nmethod 0x000002b2ccc2ec10
Event: 204.355 Thread 0x000002b2d39fb880 flushing nmethod 0x000002b2ccc35b90
Event: 204.355 Thread 0x000002b2d39fb880 flushing nmethod 0x000002b2ccc43e90
Event: 204.355 Thread 0x000002b2d39fb880 flushing nmethod 0x000002b2ccc45a90
Event: 204.355 Thread 0x000002b2d39fb880 flushing nmethod 0x000002b2ccc47510
Event: 204.355 Thread 0x000002b2d39fb880 flushing nmethod 0x000002b2ccc48090
Event: 204.356 Thread 0x000002b2d39fb880 flushing nmethod 0x000002b2ccc79110
Event: 245.930 Thread 0x000002b2da208df0 Thread exited: 0x000002b2da208df0


Dynamic libraries:
0x00007ff636e60000 - 0x00007ff636e6e000 	C:\Users\gr.costache\.jdks\temurin-17.0.8.1\bin\java.exe
0x00007ff86ecb0000 - 0x00007ff86eea8000 	C:\windows\SYSTEM32\ntdll.dll
0x00007ff86d020000 - 0x00007ff86d0df000 	C:\windows\System32\KERNEL32.DLL
0x00007ff86c8e0000 - 0x00007ff86cbb2000 	C:\windows\System32\KERNELBASE.dll
0x00007ff86c500000 - 0x00007ff86c600000 	C:\windows\System32\ucrtbase.dll
0x00007ff846dc0000 - 0x00007ff846dd7000 	C:\Users\gr.costache\.jdks\temurin-17.0.8.1\bin\jli.dll
0x00007ff86e8a0000 - 0x00007ff86ea41000 	C:\windows\System32\USER32.dll
0x00007ff86c3b0000 - 0x00007ff86c3d2000 	C:\windows\System32\win32u.dll
0x00007ff86cd00000 - 0x00007ff86cd2b000 	C:\windows\System32\GDI32.dll
0x00007ff86c7d0000 - 0x00007ff86c8df000 	C:\windows\System32\gdi32full.dll
0x00007ff86c430000 - 0x00007ff86c4cd000 	C:\windows\System32\msvcp_win.dll
0x00007ff8412a0000 - 0x00007ff8412b9000 	C:\Users\gr.costache\.jdks\temurin-17.0.8.1\bin\VCRUNTIME140.dll
0x00007ff85cb50000 - 0x00007ff85cdea000 	C:\windows\WinSxS\amd64_microsoft.windows.common-controls_6595b64144ccf1df_6.0.19041.1110_none_60b5254171f9507e\COMCTL32.dll
0x00007ff86cda0000 - 0x00007ff86ce3e000 	C:\windows\System32\msvcrt.dll
0x00007ff86db40000 - 0x00007ff86db70000 	C:\windows\System32\IMM32.DLL
0x00007ff86c1c0000 - 0x00007ff86c1f9000 	C:\windows\system32\vmwsci.dll
0x00007ff86cd90000 - 0x00007ff86cd98000 	C:\windows\System32\PSAPI.DLL
0x00007ff8606c0000 - 0x00007ff8606cc000 	C:\Users\gr.costache\.jdks\temurin-17.0.8.1\bin\vcruntime140_1.dll
0x00007ff828e30000 - 0x00007ff828ec1000 	C:\Users\gr.costache\.jdks\temurin-17.0.8.1\bin\msvcp140.dll
0x00007ff804460000 - 0x00007ff8050ac000 	C:\Users\gr.costache\.jdks\temurin-17.0.8.1\bin\server\jvm.dll
0x00007ff86da90000 - 0x00007ff86db3e000 	C:\windows\System32\ADVAPI32.dll
0x00007ff86cf80000 - 0x00007ff86d01c000 	C:\windows\System32\sechost.dll
0x00007ff86e080000 - 0x00007ff86e1a4000 	C:\windows\System32\RPCRT4.dll
0x00007ff86c2a0000 - 0x00007ff86c2eb000 	C:\windows\SYSTEM32\POWRPROF.dll
0x00007ff85c3c0000 - 0x00007ff85c3c9000 	C:\windows\SYSTEM32\WSOCK32.dll
0x00007ff86db70000 - 0x00007ff86dbdb000 	C:\windows\System32\WS2_32.dll
0x00007ff85ab70000 - 0x00007ff85ab97000 	C:\windows\SYSTEM32\WINMM.dll
0x00007ff86aff0000 - 0x00007ff86affa000 	C:\windows\SYSTEM32\VERSION.dll
0x00007ff86c200000 - 0x00007ff86c212000 	C:\windows\SYSTEM32\UMPDC.dll
0x00007ff86afb0000 - 0x00007ff86afc2000 	C:\windows\SYSTEM32\kernel.appcore.dll
0x00007ff84c950000 - 0x00007ff84c95a000 	C:\Users\gr.costache\.jdks\temurin-17.0.8.1\bin\jimage.dll
0x00007ff869cd0000 - 0x00007ff869eb4000 	C:\windows\SYSTEM32\DBGHELP.DLL
0x00007ff85aa10000 - 0x00007ff85aa45000 	C:\windows\SYSTEM32\dbgcore.DLL
0x00007ff86cc70000 - 0x00007ff86ccf2000 	C:\windows\System32\bcryptPrimitives.dll
0x00007ff83c790000 - 0x00007ff83c7b5000 	C:\Users\gr.costache\.jdks\temurin-17.0.8.1\bin\java.dll
0x00007ff827c40000 - 0x00007ff827d16000 	C:\Users\gr.costache\.jdks\temurin-17.0.8.1\bin\jsvml.dll
0x00007ff86d2d0000 - 0x00007ff86da15000 	C:\windows\System32\SHELL32.dll
0x00007ff869ec0000 - 0x00007ff86a652000 	C:\windows\SYSTEM32\windows.storage.dll
0x00007ff86dc90000 - 0x00007ff86dfe5000 	C:\windows\System32\combase.dll
0x00007ff86bc10000 - 0x00007ff86bc40000 	C:\windows\SYSTEM32\Wldp.dll
0x00007ff86dbe0000 - 0x00007ff86dc8d000 	C:\windows\System32\SHCORE.dll
0x00007ff86cf20000 - 0x00007ff86cf75000 	C:\windows\System32\shlwapi.dll
0x00007ff86c2f0000 - 0x00007ff86c30f000 	C:\windows\SYSTEM32\profapi.dll
0x00007ff834030000 - 0x00007ff834049000 	C:\Users\gr.costache\.jdks\temurin-17.0.8.1\bin\net.dll
0x00007ff865e60000 - 0x00007ff865f6a000 	C:\windows\SYSTEM32\WINHTTP.dll
0x00007ff86b9f0000 - 0x00007ff86ba5a000 	C:\windows\system32\mswsock.dll
0x00007ff833910000 - 0x00007ff833925000 	C:\Users\gr.costache\.jdks\temurin-17.0.8.1\bin\nio.dll
0x00007ff8338f0000 - 0x00007ff833908000 	C:\Users\gr.costache\.jdks\temurin-17.0.8.1\bin\zip.dll
0x00007ff86bf70000 - 0x00007ff86bf88000 	C:\windows\SYSTEM32\CRYPTSP.dll
0x00007ff86b330000 - 0x00007ff86b364000 	C:\windows\system32\rsaenh.dll
0x00007ff86c4d0000 - 0x00007ff86c4f7000 	C:\windows\System32\bcrypt.dll
0x00007ff86c260000 - 0x00007ff86c28e000 	C:\windows\SYSTEM32\USERENV.dll
0x00007ff86bb80000 - 0x00007ff86bb8c000 	C:\windows\SYSTEM32\CRYPTBASE.dll
0x00007ff86b700000 - 0x00007ff86b73b000 	C:\windows\SYSTEM32\IPHLPAPI.DLL
0x00007ff86ec60000 - 0x00007ff86ec68000 	C:\windows\System32\NSI.dll
0x00007ff8681c0000 - 0x00007ff8681d7000 	C:\windows\SYSTEM32\dhcpcsvc6.DLL
0x00007ff867f60000 - 0x00007ff867f7d000 	C:\windows\SYSTEM32\dhcpcsvc.DLL
0x00007ff86b740000 - 0x00007ff86b80b000 	C:\windows\SYSTEM32\DNSAPI.dll
0x00007ff838400000 - 0x00007ff838409000 	C:\Users\gr.costache\.jdks\temurin-17.0.8.1\bin\management.dll
0x00007ff837490000 - 0x00007ff83749b000 	C:\Users\gr.costache\.jdks\temurin-17.0.8.1\bin\management_ext.dll
0x00007ff841290000 - 0x00007ff8412a0000 	C:\Users\gr.costache\.jdks\temurin-17.0.8.1\bin\verify.dll
0x00007ff833d80000 - 0x00007ff833d8e000 	C:\Users\gr.costache\.jdks\temurin-17.0.8.1\bin\sunmscapi.dll
0x00007ff86c600000 - 0x00007ff86c756000 	C:\windows\System32\CRYPT32.dll
0x00007ff86bc80000 - 0x00007ff86bca7000 	C:\windows\SYSTEM32\ncrypt.dll
0x00007ff86bc40000 - 0x00007ff86bc7b000 	C:\windows\SYSTEM32\NTASN1.dll
0x00007ff865870000 - 0x00007ff86587a000 	C:\Windows\System32\rasadhlp.dll
0x00007ff868260000 - 0x00007ff8682e0000 	C:\windows\System32\fwpuclnt.dll
0x0000000070fc0000 - 0x000000007108d000 	C:\Users\gr.costache\AppData\Local\Temp\snappy-1.1.10-011ee237-57e6-4a0f-bc60-d636e3d08f27-snappyjava.dll

dbghelp: loaded successfully - version: 4.0.5 - missing functions: none
symbol engine: initialized successfully - sym options: 0x614 - pdb path: .;C:\Users\gr.costache\.jdks\temurin-17.0.8.1\bin;C:\windows\SYSTEM32;C:\windows\WinSxS\amd64_microsoft.windows.common-controls_6595b64144ccf1df_6.0.19041.1110_none_60b5254171f9507e;C:\Users\gr.costache\.jdks\temurin-17.0.8.1\bin\server;C:\Users\gr.costache\AppData\Local\Temp

VM Arguments:
jvm_args: -XX:+HeapDumpOnOutOfMemoryError -Xmx1024m -Dsts.lsp.client=vscode -Dsts.log.file=/dev/null -XX:TieredStopAtLevel=1 -Xlog:jni+resolve=off -Dspring.config.location=file:c:\Users\gr.costache\.vscode\extensions\vmware.vscode-spring-boot-1.48.0\language-server\BOOT-INF\classes\application.properties 
java_command: org.springframework.ide.vscode.boot.app.BootLanguageServerBootApp
java_class_path (initial): c:\Users\gr.costache\.vscode\extensions\vmware.vscode-spring-boot-1.48.0\language-server\BOOT-INF\classes;c:\Users\gr.costache\.vscode\extensions\vmware.vscode-spring-boot-1.48.0\language-server\BOOT-INF\lib\annotations-24.0.1.jar;c:\Users\gr.costache\.vscode\extensions\vmware.vscode-spring-boot-1.48.0\language-server\BOOT-INF\lib\antlr-runtime-3.5.3.jar;c:\Users\gr.costache\.vscode\extensions\vmware.vscode-spring-boot-1.48.0\language-server\BOOT-INF\lib\antlr4-4.11.1.jar;c:\Users\gr.costache\.vscode\extensions\vmware.vscode-spring-boot-1.48.0\language-server\BOOT-INF\lib\antlr4-runtime-4.11.1.jar;c:\Users\gr.costache\.vscode\extensions\vmware.vscode-spring-boot-1.48.0\language-server\BOOT-INF\lib\archunit-1.0.1.jar;c:\Users\gr.costache\.vscode\extensions\vmware.vscode-spring-boot-1.48.0\language-server\BOOT-INF\lib\asm-9.5.jar;c:\Users\gr.costache\.vscode\extensions\vmware.vscode-spring-boot-1.48.0\language-server\BOOT-INF\lib\asm-analysis-9.5.jar;c:\Users\gr.costache\.vscode\extensions\vmware.vscode-spring-boot-1.48.0\language-server\BOOT-INF\lib\asm-tree-9.5.jar;c:\Users\gr.costache\.vscode\extensions\vmware.vscode-spring-boot-1.48.0\language-server\BOOT-INF\lib\asm-util-9.5.jar;c:\Users\gr.costache\.vscode\extensions\vmware.vscode-spring-boot-1.48.0\language-server\BOOT-INF\lib\bosh-language-server-1.48.0-SNAPSHOT.jar;c:\Users\gr.costache\.vscode\extensions\vmware.vscode-spring-boot-1.48.0\language-server\BOOT-INF\lib\caffeine-3.1.6.jar;c:\Users\gr.costache\.vscode\extensions\vmware.vscode-spring-boot-1.48.0\language-server\BOOT-INF\lib\checker-qual-3.12.0.jar;c:\Users\gr.costache\.vscode\extensions\vmware.vscode-spring-boot-1.48.0\language-server\BOOT-INF\lib\classgraph-4.8.149.jar;c:\Users\gr.costache\.vscode\extensions\vmware.vscode-spring-boot-1.48.0\language-server\BOOT-INF\lib\commons-codec-1.15.jar;c:\Users\gr.costache\.vscode\extensions\vmware.vscode-spring-boot-1.48.0\language-server\BOOT-INF\lib\commons-compress-1.23.0.jar;
Launcher Type: SUN_STANDARD

[Global flags]
     intx CICompilerCount                          = 3                                         {product} {ergonomic}
     uint ConcGCThreads                            = 1                                         {product} {ergonomic}
     uint G1ConcRefinementThreads                  = 4                                         {product} {ergonomic}
   size_t G1HeapRegionSize                         = 1048576                                   {product} {ergonomic}
    uintx GCDrainStackTargetSize                   = 64                                        {product} {ergonomic}
     bool HeapDumpOnOutOfMemoryError               = true                                   {manageable} {command line}
   size_t InitialHeapSize                          = 402653184                                 {product} {ergonomic}
   size_t MarkStackSize                            = 4194304                                   {product} {ergonomic}
   size_t MaxHeapSize                              = 1073741824                                {product} {command line}
   size_t MaxNewSize                               = 643825664                                 {product} {ergonomic}
   size_t MinHeapDeltaBytes                        = 1048576                                   {product} {ergonomic}
   size_t MinHeapSize                              = 8388608                                   {product} {ergonomic}
    uintx NonProfiledCodeHeapSize                  = 0                                      {pd product} {ergonomic}
     bool ProfileInterpreter                       = false                                  {pd product} {command line}
    uintx ProfiledCodeHeapSize                     = 0                                      {pd product} {ergonomic}
   size_t SoftMaxHeapSize                          = 1073741824                             {manageable} {ergonomic}
     intx TieredStopAtLevel                        = 1                                         {product} {command line}
     bool UseCompressedClassPointers               = true                           {product lp64_product} {ergonomic}
     bool UseCompressedOops                        = true                           {product lp64_product} {ergonomic}
     bool UseG1GC                                  = true                                      {product} {ergonomic}
     bool UseLargePagesIndividualAllocation        = false                                  {pd product} {ergonomic}

Logging:
Log output configuration:
 #0: stdout all=warning,jni+resolve=off uptime,level,tags
 #1: stderr all=off uptime,level,tags

Environment Variables:
JAVA_HOME=C:\Program Files\Eclipse Adoptium\jdk-17.0.7.7-hotspot\
PATH=C:\Program Files (x86)\Common Files\Oracle\Java\javapath;C:\Program Files\Volta\;C:\Program Files (x86)\Microsoft SDKs\Azure\CLI2\wbin;C:\Program Files\Eclipse Adoptium\jdk-17.0.7.7-hotspot\bin;C:\Program Files\Microsoft\jdk-11.0.16.101-hotspot\bin;C:\Python311\Scripts\;C:\Python311\;C:\Program Files\Eclipse Foundation\jdk-8.0.302.8-hotspot\bin;C:\windows\system32;C:\windows;C:\windows\System32\Wbem;C:\windows\System32\WindowsPowerShell\v1.0\;C:\windows\System32\OpenSSH\;C:\Program Files (x86)\Microsoft SQL Server\150\Tools\Binn\;C:\Program Files\Microsoft SQL Server\150\Tools\Binn\;C:\Program Files\Microsoft SQL Server\Client SDK\ODBC\170\Tools\Binn\;C:\Program Files\Microsoft SQL Server\150\DTS\Binn\;C:\Program Files (x86)\Microsoft SQL Server\150\DTS\Binn\;C:\Program Files\Azure Data Studio\bin;C:\Program Files\dotnet\;C:\Program Files\Microsoft SQL Server\130\Tools\Binn\;C:\ProgramData\chocolatey\bin;C:\Program Files\Microsoft VS Code\bin;C:\Program Files\nodejs\;C:\Program Files\Git\cmd;C:\Program Files\Docker\Docker\resources\bin;C:\Program Files (x86)\Microsoft SQL Server\160\DTS\Binn\;C:\Users\gr.costache\scoop\apps\yarn\current\global\node_modules\.bin;C:\Users\gr.costache\scoop\apps\yarn\current\bin;C:\Users\gr.costache\AppData\Local\Volta\bin;C:\Users\gr.costache\AppData\Local\pnpm;C:\Users\gr.costache\scoop\apps\nodejs-lts\current\bin;C:\Users\gr.costache\scoop\apps\nodejs-lts\current;C:\Users\gr.costache\scoop\apps\vscode\current\bin;C:\Users\gr.costache\scoop\apps\nodejs\current\bin;C:\Users\gr.costache\scoop\apps\nodejs\current;C:\Users\gr.costache\scoop\shims;C:\Users\gr.costache\AppData\Local\Microsoft\WindowsApps;C:\Users\gr.costache\AppData\Local\JetBrains\Toolbox\scripts;C:\Users\gr.costache\AppData\Local\Programs\Microsoft VS Code\bin;C:\Users\gr.costache\AppData\Roaming\npm;C:\Users\gr.costache\.dotnet\tools;C:\Users\gr.costache\AppData\Roaming\Python\Python311\Scripts;C:\Users\gr.costache\Downloads\apache-maven-3.9.3\bin;C:\Program Files\Gra
USERNAME=gr.costache
OS=Windows_NT
PROCESSOR_IDENTIFIER=Intel64 Family 6 Model 85 Stepping 7, GenuineIntel
TMP=C:\Users\GR8A50~1.COS\AppData\Local\Temp
TEMP=C:\Users\GR8A50~1.COS\AppData\Local\Temp



---------------  S Y S T E M  ---------------

OS:
 Windows 10 , 64 bit Build 19041 (10.0.19041.2546)
OS uptime: 6 days 21:53 hours
Hyper-V role detected

CPU: total 4 (initial active 4) (2 cores per cpu, 1 threads per core) family 6 model 85 stepping 7 microcode 0x5003302, cx8, cmov, fxsr, mmx, 3dnowpref, sse, sse2, sse3, ssse3, sse4.1, sse4.2, popcnt, lzcnt, tsc, tscinvbit, avx, avx2, aes, erms, clmul, bmi1, bmi2, adx, avx512f, avx512dq, avx512cd, avx512bw, avx512vl, fma, vzeroupper, avx512_vnni, clflush, clflushopt, clwb, hv
Processor Information for all 4 processors :
  Max Mhz: 2993, Current Mhz: 2993, Mhz Limit: 2993

Memory: 4k page, system-wide physical 24575M (2170M free)
TotalPageFile size 49892M (AvailPageFile size 12M)
current process WorkingSet (physical memory assigned to process): 501M, peak: 1474M
current process commit charge ("private bytes"): 422M, peak: 1281M

vm_info: OpenJDK 64-Bit Server VM (17.0.8.1+1) for windows-amd64 JRE (17.0.8.1+1), built on Aug 23 2023 15:29:17 by "admin" with MS VC++ 16.7 (VS2019)

END.
